<?xml version="1.0" encoding="UTF-8"?>
<!-- Generated by org.testng.reporters.JUnitReportReporter -->
<testsuite hostname="Rakesh" failures="0" tests="1" name="com.Chemoly.TestScripts.CreateReportsTest" time="9.669" errors="0" timestamp="2021-09-06T13:12:50 IST" skipped="0">
  <testcase classname="com.Chemoly.TestScripts.CreateReportsTest" name="run" time="9.669"/>
  <system-out/>
</testsuite> <!-- com.Chemoly.TestScripts.CreateReportsTest -->
